Performing C++ SOURCE FILE Test HAVE_FUNC__ISNAN failed with the following output:
Change Dir: /home/force/Programmation/ESIR2/Soft/VISP/visp-build/CMakeFiles/CMakeTmp

Run Build Command:"/usr/bin/make" "cmTC_20c40/fast"
/usr/bin/make -f CMakeFiles/cmTC_20c40.dir/build.make CMakeFiles/cmTC_20c40.dir/build
make[1] : on entre dans le répertoire « /home/force/Programmation/ESIR2/Soft/VISP/visp-build/CMakeFiles/CMakeTmp »
Building CXX object CMakeFiles/cmTC_20c40.dir/src.cxx.o
/usr/bin/c++     -DHAVE_FUNC__ISNAN   -o CMakeFiles/cmTC_20c40.dir/src.cxx.o -c /home/force/Programmation/ESIR2/Soft/VISP/visp-build/CMakeFiles/CMakeTmp/src.cxx
/home/force/Programmation/ESIR2/Soft/VISP/visp-build/CMakeFiles/CMakeTmp/src.cxx: In function ‘int main(int, char**)’:
/home/force/Programmation/ESIR2/Soft/VISP/visp-build/CMakeFiles/CMakeTmp/src.cxx:5:21: error: ‘_isnan’ was not declared in this scope
     (void)_isnan(1.0);
                     ^
CMakeFiles/cmTC_20c40.dir/build.make:65 : la recette pour la cible « CMakeFiles/cmTC_20c40.dir/src.cxx.o » a échouée
make[1]: *** [CMakeFiles/cmTC_20c40.dir/src.cxx.o] Erreur 1
make[1] : on quitte le répertoire « /home/force/Programmation/ESIR2/Soft/VISP/visp-build/CMakeFiles/CMakeTmp »
Makefile:126 : la recette pour la cible « cmTC_20c40/fast » a échouée
make: *** [cmTC_20c40/fast] Erreur 2

Source file was:

#include <float.h>
int main(int argc, char ** argv)
{
    (void)_isnan(1.0);
    return 0;
}

Performing C++ SOURCE FILE Test HAVE_FUNC__FINITE failed with the following output:
Change Dir: /home/force/Programmation/ESIR2/Soft/VISP/visp-build/CMakeFiles/CMakeTmp

Run Build Command:"/usr/bin/make" "cmTC_78578/fast"
/usr/bin/make -f CMakeFiles/cmTC_78578.dir/build.make CMakeFiles/cmTC_78578.dir/build
make[1] : on entre dans le répertoire « /home/force/Programmation/ESIR2/Soft/VISP/visp-build/CMakeFiles/CMakeTmp »
Building CXX object CMakeFiles/cmTC_78578.dir/src.cxx.o
/usr/bin/c++     -DHAVE_FUNC__FINITE   -o CMakeFiles/cmTC_78578.dir/src.cxx.o -c /home/force/Programmation/ESIR2/Soft/VISP/visp-build/CMakeFiles/CMakeTmp/src.cxx
/home/force/Programmation/ESIR2/Soft/VISP/visp-build/CMakeFiles/CMakeTmp/src.cxx: In function ‘int main(int, char**)’:
/home/force/Programmation/ESIR2/Soft/VISP/visp-build/CMakeFiles/CMakeTmp/src.cxx:5:22: error: ‘_finite’ was not declared in this scope
     (void)_finite(1.0);
                      ^
CMakeFiles/cmTC_78578.dir/build.make:65 : la recette pour la cible « CMakeFiles/cmTC_78578.dir/src.cxx.o » a échouée
make[1]: *** [CMakeFiles/cmTC_78578.dir/src.cxx.o] Erreur 1
make[1] : on quitte le répertoire « /home/force/Programmation/ESIR2/Soft/VISP/visp-build/CMakeFiles/CMakeTmp »
Makefile:126 : la recette pour la cible « cmTC_78578/fast » a échouée
make: *** [cmTC_78578/fast] Erreur 2

Source file was:

#include <float.h>
int main(int argc, char ** argv)
{
    (void)_finite(1.0);
    return 0;
}

Performing C++ SOURCE FILE Test HAVE_FUNC_STD_ROUND failed with the following output:
Change Dir: /home/force/Programmation/ESIR2/Soft/VISP/visp-build/CMakeFiles/CMakeTmp

Run Build Command:"/usr/bin/make" "cmTC_dcbed/fast"
/usr/bin/make -f CMakeFiles/cmTC_dcbed.dir/build.make CMakeFiles/cmTC_dcbed.dir/build
make[1] : on entre dans le répertoire « /home/force/Programmation/ESIR2/Soft/VISP/visp-build/CMakeFiles/CMakeTmp »
Building CXX object CMakeFiles/cmTC_dcbed.dir/src.cxx.o
/usr/bin/c++     -DHAVE_FUNC_STD_ROUND   -o CMakeFiles/cmTC_dcbed.dir/src.cxx.o -c /home/force/Programmation/ESIR2/Soft/VISP/visp-build/CMakeFiles/CMakeTmp/src.cxx
/home/force/Programmation/ESIR2/Soft/VISP/visp-build/CMakeFiles/CMakeTmp/src.cxx: In function ‘int main(int, char**)’:
/home/force/Programmation/ESIR2/Soft/VISP/visp-build/CMakeFiles/CMakeTmp/src.cxx:5:11: error: ‘round’ is not a member of ‘std’
     (void)std::round(5.5);
           ^
/home/force/Programmation/ESIR2/Soft/VISP/visp-build/CMakeFiles/CMakeTmp/src.cxx:5:11: note: suggested alternative:
In file included from /usr/include/features.h:367:0,
                 from /usr/include/i386-linux-gnu/c++/5/bits/os_defines.h:39,
                 from /usr/include/i386-linux-gnu/c++/5/bits/c++config.h:482,
                 from /usr/include/c++/5/cmath:41,
                 from /home/force/Programmation/ESIR2/Soft/VISP/visp-build/CMakeFiles/CMakeTmp/src.cxx:2:
/usr/include/i386-linux-gnu/bits/mathcalls.h:319:1: note:   ‘round’
 __MATHCALLX (round,, (_Mdouble_ __x), (__const__));
 ^
CMakeFiles/cmTC_dcbed.dir/build.make:65 : la recette pour la cible « CMakeFiles/cmTC_dcbed.dir/src.cxx.o » a échouée
make[1]: *** [CMakeFiles/cmTC_dcbed.dir/src.cxx.o] Erreur 1
make[1] : on quitte le répertoire « /home/force/Programmation/ESIR2/Soft/VISP/visp-build/CMakeFiles/CMakeTmp »
Makefile:126 : la recette pour la cible « cmTC_dcbed/fast » a échouée
make: *** [cmTC_dcbed/fast] Erreur 2

Source file was:

#include <cmath>
int main(int argc, char ** argv)
{
    (void)std::round(5.5);
    return 0;
}

Determining if the function getch exists in the winmm.lib failed with the following output:
Change Dir: /home/force/Programmation/ESIR2/Soft/VISP/visp-build/CMakeFiles/CMakeTmp

Run Build Command:"/usr/bin/make" "cmTC_14493/fast"
/usr/bin/make -f CMakeFiles/cmTC_14493.dir/build.make CMakeFiles/cmTC_14493.dir/build
make[1] : on entre dans le répertoire « /home/force/Programmation/ESIR2/Soft/VISP/visp-build/CMakeFiles/CMakeTmp »
Building C object CMakeFiles/cmTC_14493.dir/CheckFunctionExists.c.o
/usr/bin/cc    -Wall -Wextra -fopenmp -fvisibility=hidden -msse2 -msse3 -mssse3 -DCHECK_FUNCTION_EXISTS=getch -O3 -DNDEBUG   -o CMakeFiles/cmTC_14493.dir/CheckFunctionExists.c.o   -c /usr/share/cmake-3.5/Modules/CheckFunctionExists.c
Linking C executable cmTC_14493
/usr/bin/cmake -E cmake_link_script CMakeFiles/cmTC_14493.dir/link.txt --verbose=1
/usr/bin/cc    -Wall -Wextra -fopenmp -fvisibility=hidden -msse2 -msse3 -mssse3 -DCHECK_FUNCTION_EXISTS=getch -O3 -DNDEBUG    CMakeFiles/cmTC_14493.dir/CheckFunctionExists.c.o  -o cmTC_14493 -rdynamic -lwinmm.lib /usr/lib/i386-linux-gnu/libdc1394.so 
/usr/bin/ld : ne peut trouver -lwinmm.lib
collect2: error: ld returned 1 exit status
CMakeFiles/cmTC_14493.dir/build.make:98 : la recette pour la cible « cmTC_14493 » a échouée
make[1]: *** [cmTC_14493] Erreur 1
make[1] : on quitte le répertoire « /home/force/Programmation/ESIR2/Soft/VISP/visp-build/CMakeFiles/CMakeTmp »
Makefile:126 : la recette pour la cible « cmTC_14493/fast » a échouée
make: *** [cmTC_14493/fast] Erreur 2


